<?xml version="1.0" encoding="UTF-8"?>
<testng-results ignored="0" total="1" passed="1" failed="0" skipped="0">
  <reporter-output>
  </reporter-output>
  <suite started-at="2024-07-26T15:38:54 IST" name="Default suite" finished-at="2024-07-26T15:38:55 IST" duration-ms="620">
    <groups>
    </groups>
    <test started-at="2024-07-26T15:38:54 IST" name="Default test" finished-at="2024-07-26T15:38:55 IST" duration-ms="620">
      <class name="poh_eforms_converter.PohVsPdfComparision_V1.highlightDiff">
        <test-method signature="testPDFComparison()[pri:0, instance:poh_eforms_converter.PohVsPdfComparision_V1.highlightDiff@6bd61f98]" started-at="2024-07-26T15:38:54 IST" name="testPDFComparison" finished-at="2024-07-26T15:38:55 IST" duration-ms="568" status="PASS">
          <reporter-output>
          </reporter-output>
        </test-method> <!-- testPDFComparison -->
      </class> <!-- poh_eforms_converter.PohVsPdfComparision_V1.highlightDiff -->
    </test> <!-- Default test -->
  </suite> <!-- Default suite -->
</testng-results>
