<?xml version="1.0" encoding="UTF-8"?>
<testng-results ignored="0" total="1" passed="1" failed="0" skipped="0">
  <reporter-output>
  </reporter-output>
  <suite started-at="2024-01-08T16:32:19 IST" name="Default suite" finished-at="2024-01-08T16:32:19 IST" duration-ms="140">
    <groups>
    </groups>
    <test started-at="2024-01-08T16:32:19 IST" name="Default test" finished-at="2024-01-08T16:32:19 IST" duration-ms="140">
      <class name="com.cdk.pohFiles.pdfUtil">
        <test-method signature="recall()[pri:0, instance:com.cdk.pohFiles.pdfUtil@6f01b95f]" started-at="2024-01-08T16:32:19 IST" name="recall" finished-at="2024-01-08T16:32:19 IST" duration-ms="93" status="PASS">
          <reporter-output>
          </reporter-output>
        </test-method> <!-- recall -->
      </class> <!-- com.cdk.pohFiles.pdfUtil -->
    </test> <!-- Default test -->
  </suite> <!-- Default suite -->
</testng-results>
